<?xml version="1.0" encoding="UTF-8"?>
<!-- Generated by org.testng.reporters.JUnitReportReporter -->
<testsuite hostname="yashpal-Latitude-5490" failures="0" tests="2" name="testing_Maven.WebApp_Test" time="4.216" errors="0" timestamp="21 Oct 2021 17:14:47 GMT" skipped="0">
  <testcase classname="testing_Maven.WebApp_Test" name="logoutFromApp" time="1.286"/>
  <testcase classname="testing_Maven.WebApp_Test" name="loginIntoApp" time="2.930"/>
</testsuite> <!-- testing_Maven.WebApp_Test -->
