<?xml version="1.0" encoding="UTF-8"?>
<!-- Generated by org.testng.reporters.JUnitReportReporter -->
<testsuite hostname="yashpal-Latitude-5490" failures="0" tests="2" name="testing_Maven.WebApp_Test" time="2.526" errors="0" timestamp="21 Oct 2021 17:48:59 GMT" skipped="0">
  <testcase classname="testing_Maven.WebApp_Test" name="loginIntoApp" time="1.633"/>
  <testcase classname="testing_Maven.WebApp_Test" name="logoutFromApp" time="0.893"/>
</testsuite> <!-- testing_Maven.WebApp_Test -->
