<?xml version="1.0" encoding="UTF-8"?>
<!-- Generated by org.testng.reporters.JUnitReportReporter -->
<testsuite hostname="yashpal-Latitude-5490" failures="0" tests="2" name="testing_Maven.WebApp_Test" time="3.680" errors="0" timestamp="21 Oct 2021 18:30:02 GMT" skipped="0">
  <testcase classname="testing_Maven.WebApp_Test" name="logoutFromApp" time="1.496"/>
  <testcase classname="testing_Maven.WebApp_Test" name="loginIntoApp" time="2.184"/>
</testsuite> <!-- testing_Maven.WebApp_Test -->
